Arguments: 
  C:\Program Files\nodejs\node.exe C:\Program Files (x86)\Yarn\bin\yarn.js add MapboxGeocoder

PATH: 
  C:\ProgramData\Oracle\Java\javapath;C:\Program Files\Common Files\Oracle\Java\javapath;C:\Windows\system32;C:\Windows;C:\Windows\System32\Wbem;C:\Windows\System32\WindowsPowerShell\v1.0\;C:\Windows\System32\OpenSSH\;C:\Program Files (x86)\NVIDIA Corporation\PhysX\Common;C:\Program Files (x86)\Dev-Cpp\MinGW64\bin;C:\Program Files\Git\cmd;C:\Program Files\heroku\bin;C:\Users\Sebasti치n\AppData\Local\atom\bin;C:\WINDOWS\system32;C:\WINDOWS;C:\WINDOWS\System32\Wbem;C:\WINDOWS\System32\WindowsPowerShell\v1.0\;C:\WINDOWS\System32\OpenSSH\;C:\Program Files\NVIDIA Corporation\NVIDIA NvDLISR;C:\Program Files\CodeBlocks\MinGW\bin;C:\ProgramData\chocolatey\bin;C:\Program Files\dotnet\;C:\Program Files\Java\jdk-16.0.2\bin;C:\Program Files (x86)\Yarn\bin\;C:\Program Files\nodejs\;C:\MinGW\bin;C:\Program Files\Java\jdk-16.0.2\bin;

Yarn version: 
  1.22.19

Node version: 
  16.16.0

Platform: 
  win32 x64

Trace: 
  Error: https://registry.yarnpkg.com/MapboxGeocoder: Not found
      at Request.params.callback [as _callback] (C:\Program Files (x86)\Yarn\lib\cli.js:66145:18)
      at Request.self.callback (C:\Program Files (x86)\Yarn\lib\cli.js:140890:22)
      at Request.emit (node:events:527:28)
      at Request.<anonymous> (C:\Program Files (x86)\Yarn\lib\cli.js:141862:10)
      at Request.emit (node:events:527:28)
      at IncomingMessage.<anonymous> (C:\Program Files (x86)\Yarn\lib\cli.js:141784:12)
      at Object.onceWrapper (node:events:641:28)
      at IncomingMessage.emit (node:events:539:35)
      at endReadableNT (node:internal/streams/readable:1345:12)
      at processTicksAndRejections (node:internal/process/task_queues:83:21)

npm manifest: 
  {
    "name": "sendiit-backend",
    "version": "1.0.0",
    "description": "Backend de Sendiit, proyecto para la materia An치lisis y Dise침o de Sistemas",
    "main": "index.js",
    "scripts": {
      "test": "jest --watchAll --verbose --coverage --runInBand",
      "dev": "npx nodemon index.js",
      "start": "node index.js"
    },
    "author": "Sebasti치n",
    "license": "ISC",
    "dependencies": {
      "bcryptjs": "^2.4.3",
      "cors": "^2.8.5",
      "dotenv": "^16.0.3",
      "ejs": "^3.1.8",
      "express": "^4.18.2",
      "express-validator": "^6.14.2",
      "joi": "^17.7.0",
      "joi-objectid": "^4.0.2",
      "jsonwebtoken": "^9.0.0",
      "jspdf": "^2.5.1",
      "jspdf-autotable": "^3.5.28",
      "moment": "^2.29.4",
      "mongoose": "^6.7.3",
      "nodemailer": "^6.8.0",
      "qrcode": "^1.5.1"
    },
    "devDependencies": {
      "jest": "^29.3.1",
      "supertest": "^6.3.2"
    }
  }

yarn manifest: 
  No manifest

Lockfile: 
  No lockfile
